Command line invocation:
    /Applications/Xcode.app/Contents/Developer/usr/bin/xcodebuild build -project Bridget.xcodeproj -scheme Bridget -destination "platform=iOS Simulator,name=iPhone 16 Pro"

Resolve Package Graph


Resolved source packages:
  BridgetCore: /Users/peterjemley/Documents/Developer/Bridget/Packages/BridgetCore @ local
  BridgetDashboard: /Users/peterjemley/Documents/Developer/Bridget/Packages/BridgetDashboard @ local
  BridgetBridgeDetail: /Users/peterjemley/Documents/Developer/Bridget/Packages/BridgetBridgeDetail @ local
  BridgetRouting: /Users/peterjemley/Documents/Developer/Bridget/Packages/BridgetRouting @ local
  BridgetSharedUI: /Users/peterjemley/Documents/Developer/Bridget/Packages/BridgetSharedUI @ local
  BridgetStatistics: /Users/peterjemley/Documents/Developer/Bridget/Packages/BridgetStatistics @ local
  BridgetSettings: /Users/peterjemley/Documents/Developer/Bridget/Packages/BridgetSettings @ local
  BridgetNetworking: /Users/peterjemley/Documents/Developer/Bridget/Packages/BridgetNetworking @ local
  BridgetBridgesList: /Users/peterjemley/Documents/Developer/Bridget/Packages/BridgetBridgesList @ local
  BridgetHistory: /Users/peterjemley/Documents/Developer/Bridget/Packages/BridgetHistory @ local

--- xcodebuild: WARNING: Using the first of multiple matching destinations:
{ platform:iOS Simulator, arch:arm64, id:5EA386B4-2C34-4A50-8A6F-1438A1E01A89, OS:18.5, name:iPhone 16 Pro }
{ platform:iOS Simulator, arch:x86_64, id:5EA386B4-2C34-4A50-8A6F-1438A1E01A89, OS:18.5, name:iPhone 16 Pro }
ComputePackagePrebuildTargetDependencyGraph

Prepare packages

CreateBuildRequest

SendProjectDescription

CreateBuildOperation

ComputeTargetDependencyGraph
note: Building targets in dependency order
note: Target dependency graph (21 targets)
    Target 'Bridget' in project 'Bridget'
        ➜ Explicit dependency on target 'BridgetNetworking' in project 'BridgetNetworking'
        ➜ Explicit dependency on target 'BridgetSettings' in project 'BridgetSettings'
        ➜ Explicit dependency on target 'BridgetHistory' in project 'BridgetHistory'
        ➜ Explicit dependency on target 'BridgetStatistics' in project 'BridgetStatistics'
        ➜ Explicit dependency on target 'BridgetRouting' in project 'BridgetRouting'
        ➜ Explicit dependency on target 'BridgetBridgeDetail' in project 'BridgetBridgeDetail'
        ➜ Explicit dependency on target 'BridgetDashboard' in project 'BridgetDashboard'
        ➜ Explicit dependency on target 'BridgetBridgesList' in project 'BridgetBridgesList'
        ➜ Explicit dependency on target 'BridgetSharedUI' in project 'BridgetSharedUI'
        ➜ Explicit dependency on target 'BridgetCore' in project 'BridgetCore'
    Target 'BridgetBridgesList' in project 'BridgetBridgesList'
        ➜ Explicit dependency on target 'BridgetBridgesList' in project 'BridgetBridgesList'
        ➜ Explicit dependency on target 'BridgetCore' in project 'BridgetCore'
        ➜ Explicit dependency on target 'BridgetSharedUI' in project 'BridgetSharedUI'
    Target 'BridgetBridgesList' in project 'BridgetBridgesList'
        ➜ Explicit dependency on target 'BridgetCore' in project 'BridgetCore'
        ➜ Explicit dependency on target 'BridgetSharedUI' in project 'BridgetSharedUI'
    Target 'BridgetDashboard' in project 'BridgetDashboard'
        ➜ Explicit dependency on target 'BridgetDashboard' in project 'BridgetDashboard'
        ➜ Explicit dependency on target 'BridgetCore' in project 'BridgetCore'
        ➜ Explicit dependency on target 'BridgetSharedUI' in project 'BridgetSharedUI'
    Target 'BridgetDashboard' in project 'BridgetDashboard'
        ➜ Explicit dependency on target 'BridgetCore' in project 'BridgetCore'
        ➜ Explicit dependency on target 'BridgetSharedUI' in project 'BridgetSharedUI'
    Target 'BridgetBridgeDetail' in project 'BridgetBridgeDetail'
        ➜ Explicit dependency on target 'BridgetBridgeDetail' in project 'BridgetBridgeDetail'
        ➜ Explicit dependency on target 'BridgetCore' in project 'BridgetCore'
        ➜ Explicit dependency on target 'BridgetSharedUI' in project 'BridgetSharedUI'
    Target 'BridgetBridgeDetail' in project 'BridgetBridgeDetail'
        ➜ Explicit dependency on target 'BridgetCore' in project 'BridgetCore'
        ➜ Explicit dependency on target 'BridgetSharedUI' in project 'BridgetSharedUI'
    Target 'BridgetRouting' in project 'BridgetRouting'
        ➜ Explicit dependency on target 'BridgetRouting' in project 'BridgetRouting'
        ➜ Explicit dependency on target 'BridgetCore' in project 'BridgetCore'
        ➜ Explicit dependency on target 'BridgetSharedUI' in project 'BridgetSharedUI'
    Target 'BridgetRouting' in project 'BridgetRouting'
        ➜ Explicit dependency on target 'BridgetCore' in project 'BridgetCore'
        ➜ Explicit dependency on target 'BridgetSharedUI' in project 'BridgetSharedUI'
    Target 'BridgetStatistics' in project 'BridgetStatistics'
        ➜ Explicit dependency on target 'BridgetStatistics' in project 'BridgetStatistics'
        ➜ Explicit dependency on target 'BridgetCore' in project 'BridgetCore'
        ➜ Explicit dependency on target 'BridgetSharedUI' in project 'BridgetSharedUI'
    Target 'BridgetStatistics' in project 'BridgetStatistics'
        ➜ Explicit dependency on target 'BridgetCore' in project 'BridgetCore'
        ➜ Explicit dependency on target 'BridgetSharedUI' in project 'BridgetSharedUI'
    Target 'BridgetHistory' in project 'BridgetHistory'
        ➜ Explicit dependency on target 'BridgetHistory' in project 'BridgetHistory'
        ➜ Explicit dependency on target 'BridgetCore' in project 'BridgetCore'
        ➜ Explicit dependency on target 'BridgetSharedUI' in project 'BridgetSharedUI'
    Target 'BridgetHistory' in project 'BridgetHistory'
        ➜ Explicit dependency on target 'BridgetCore' in project 'BridgetCore'
        ➜ Explicit dependency on target 'BridgetSharedUI' in project 'BridgetSharedUI'
    Target 'BridgetSettings' in project 'BridgetSettings'
        ➜ Explicit dependency on target 'BridgetSettings' in project 'BridgetSettings'
        ➜ Explicit dependency on target 'BridgetCore' in project 'BridgetCore'
        ➜ Explicit dependency on target 'BridgetSharedUI' in project 'BridgetSharedUI'
    Target 'BridgetSettings' in project 'BridgetSettings'
        ➜ Explicit dependency on target 'BridgetCore' in project 'BridgetCore'
        ➜ Explicit dependency on target 'BridgetSharedUI' in project 'BridgetSharedUI'
    Target 'BridgetSharedUI' in project 'BridgetSharedUI'
        ➜ Explicit dependency on target 'BridgetSharedUI' in project 'BridgetSharedUI'
        ➜ Explicit dependency on target 'BridgetCore' in project 'BridgetCore'
    Target 'BridgetSharedUI' in project 'BridgetSharedUI'
        ➜ Explicit dependency on target 'BridgetCore' in project 'BridgetCore'
    Target 'BridgetNetworking' in project 'BridgetNetworking'
        ➜ Explicit dependency on target 'BridgetNetworking' in project 'BridgetNetworking'
        ➜ Explicit dependency on target 'BridgetCore' in project 'BridgetCore'
    Target 'BridgetNetworking' in project 'BridgetNetworking'
        ➜ Explicit dependency on target 'BridgetCore' in project 'BridgetCore'
    Target 'BridgetCore' in project 'BridgetCore'
        ➜ Explicit dependency on target 'BridgetCore' in project 'BridgetCore'
    Target 'BridgetCore' in project 'BridgetCore' (no dependencies)

GatherProvisioningInputs

CreateBuildDescription

ExecuteExternalTool /Applications/Xcode.app/Contents/Developer/Toolchains/XcodeDefault.xctoolchain/usr/bin/swiftc --version

ExecuteExternalTool /Applications/Xcode.app/Contents/Developer/Toolchains/XcodeDefault.xctoolchain/usr/bin/clang -v -E -dM -isysroot /Applications/Xcode.app/Contents/Developer/Platforms/iPhoneSimulator.platform/Developer/SDKs/iPhoneSimulator18.5.sdk -x c -c /dev/null

ExecuteExternalTool /Applications/Xcode.app/Contents/Developer/usr/bin/actool --print-asset-tag-combinations --output-format xml1 /Users/peterjemley/Documents/Developer/Bridget/Bridget/Assets.xcassets

ExecuteExternalTool /Applications/Xcode.app/Contents/Developer/usr/bin/actool --version --output-format xml1

ExecuteExternalTool /Applications/Xcode.app/Contents/Developer/Toolchains/XcodeDefault.xctoolchain/usr/bin/ld -version_details

Build description signature: e0da7e5352e2e08f60c54d4a52ab64dd
Build description path: /Users/peterjemley/Library/Developer/Xcode/DerivedData/Bridget-avftoqyhbqkugxekjoistukcuxwh/Build/Intermediates.noindex/XCBuildData/e0da7e5352e2e08f60c54d4a52ab64dd.xcbuilddata
ClangStatCache /Applications/Xcode.app/Contents/Developer/Toolchains/XcodeDefault.xctoolchain/usr/bin/clang-stat-cache /Applications/Xcode.app/Contents/Developer/Platforms/iPhoneSimulator.platform/Developer/SDKs/iPhoneSimulator18.5.sdk /Users/peterjemley/Library/Developer/Xcode/DerivedData/SDKStatCaches.noindex/iphonesimulator18.5-22F76-d5fc8ad4295d2ef488fb7d0f804ce0c4.sdkstatcache
    cd /Users/peterjemley/Documents/Developer/Bridget/Bridget.xcodeproj
    /Applications/Xcode.app/Contents/Developer/Toolchains/XcodeDefault.xctoolchain/usr/bin/clang-stat-cache /Applications/Xcode.app/Contents/Developer/Platforms/iPhoneSimulator.platform/Developer/SDKs/iPhoneSimulator18.5.sdk -o /Users/peterjemley/Library/Developer/Xcode/DerivedData/SDKStatCaches.noindex/iphonesimulator18.5-22F76-d5fc8ad4295d2ef488fb7d0f804ce0c4.sdkstatcache

WriteAuxiliaryFile /Users/peterjemley/Library/Developer/Xcode/DerivedData/Bridget-avftoqyhbqkugxekjoistukcuxwh/Build/Intermediates.noindex/Bridget.build/Release-iphonesimulator/Bridget.build/Objects-normal/arm64/Bridget.SwiftFileList (in target 'Bridget' from project 'Bridget')
    cd /Users/peterjemley/Documents/Developer/Bridget
    write-file /Users/peterjemley/Library/Developer/Xcode/DerivedData/Bridget-avftoqyhbqkugxekjoistukcuxwh/Build/Intermediates.noindex/Bridget.build/Release-iphonesimulator/Bridget.build/Objects-normal/arm64/Bridget.SwiftFileList

WriteAuxiliaryFile /Users/peterjemley/Library/Developer/Xcode/DerivedData/Bridget-avftoqyhbqkugxekjoistukcuxwh/Build/Intermediates.noindex/Bridget.build/Release-iphonesimulator/Bridget.build/Objects-normal/arm64/Bridget.LinkFileList (in target 'Bridget' from project 'Bridget')
    cd /Users/peterjemley/Documents/Developer/Bridget
    write-file /Users/peterjemley/Library/Developer/Xcode/DerivedData/Bridget-avftoqyhbqkugxekjoistukcuxwh/Build/Intermediates.noindex/Bridget.build/Release-iphonesimulator/Bridget.build/Objects-normal/arm64/Bridget.LinkFileList

SwiftDriver Bridget normal arm64 com.apple.xcode.tools.swift.compiler (in target 'Bridget' from project 'Bridget')
    cd /Users/peterjemley/Documents/Developer/Bridget
    builtin-SwiftDriver -- /Applications/Xcode.app/Contents/Developer/Toolchains/XcodeDefault.xctoolchain/usr/bin/swiftc -module-name Bridget -O -whole-module-optimization -enforce-exclusivity\=checked @/Users/peterjemley/Library/Developer/Xcode/DerivedData/Bridget-avftoqyhbqkugxekjoistukcuxwh/Build/Intermediates.noindex/Bridget.build/Release-iphonesimulator/Bridget.build/Objects-normal/arm64/Bridget.SwiftFileList -enable-bare-slash-regex -enable-experimental-feature DebugDescriptionMacro -sdk /Applications/Xcode.app/Contents/Developer/Platforms/iPhoneSimulator.platform/Developer/SDKs/iPhoneSimulator18.5.sdk -target arm64-apple-ios18.5-simulator -g -module-cache-path /Users/peterjemley/Library/Developer/Xcode/DerivedData/ModuleCache.noindex -Xfrontend -serialize-debugging-options -profile-coverage-mapping -profile-generate -swift-version 5 -I /Users/peterjemley/Library/Developer/Xcode/DerivedData/Bridget-avftoqyhbqkugxekjoistukcuxwh/Build/Products/Release-iphonesimulator -F /Users/peterjemley/Library/Developer/Xcode/DerivedData/Bridget-avftoqyhbqkugxekjoistukcuxwh/Build/Products/Release-iphonesimulator/PackageFrameworks -F /Users/peterjemley/Library/Developer/Xcode/DerivedData/Bridget-avftoqyhbqkugxekjoistukcuxwh/Build/Products/Release-iphonesimulator/PackageFrameworks -F /Users/peterjemley/Library/Developer/Xcode/DerivedData/Bridget-avftoqyhbqkugxekjoistukcuxwh/Build/Products/Release-iphonesimulator/PackageFrameworks -F /Users/peterjemley/Library/Developer/Xcode/DerivedData/Bridget-avftoqyhbqkugxekjoistukcuxwh/Build/Products/Release-iphonesimulator/PackageFrameworks -F /Users/peterjemley/Library/Developer/Xcode/DerivedData/Bridget-avftoqyhbqkugxekjoistukcuxwh/Build/Products/Release-iphonesimulator/PackageFrameworks -F /Users/peterjemley/Library/Developer/Xcode/DerivedData/Bridget-avftoqyhbqkugxekjoistukcuxwh/Build/Products/Release-iphonesimulator/PackageFrameworks -F /Users/peterjemley/Library/Developer/Xcode/DerivedData/Bridget-avftoqyhbqkugxekjoistukcuxwh/Build/Products/Release-iphonesimulator/PackageFrameworks -F /Users/peterjemley/Library/Developer/Xcode/DerivedData/Bridget-avftoqyhbqkugxekjoistukcuxwh/Build/Products/Release-iphonesimulator/PackageFrameworks -F /Users/peterjemley/Library/Developer/Xcode/DerivedData/Bridget-avftoqyhbqkugxekjoistukcuxwh/Build/Products/Release-iphonesimulator/PackageFrameworks -F /Users/peterjemley/Library/Developer/Xcode/DerivedData/Bridget-avftoqyhbqkugxekjoistukcuxwh/Build/Products/Release-iphonesimulator/PackageFrameworks -F /Users/peterjemley/Library/Developer/Xcode/DerivedData/Bridget-avftoqyhbqkugxekjoistukcuxwh/Build/Products/Release-iphonesimulator -emit-localized-strings -emit-localized-strings-path /Users/peterjemley/Library/Developer/Xcode/DerivedData/Bridget-avftoqyhbqkugxekjoistukcuxwh/Build/Intermediates.noindex/Bridget.build/Release-iphonesimulator/Bridget.build/Objects-normal/arm64 -c -num-threads 16 -Xcc -ivfsstatcache -Xcc /Users/peterjemley/Library/Developer/Xcode/DerivedData/SDKStatCaches.noindex/iphonesimulator18.5-22F76-d5fc8ad4295d2ef488fb7d0f804ce0c4.sdkstatcache -output-file-map /Users/peterjemley/Library/Developer/Xcode/DerivedData/Bridget-avftoqyhbqkugxekjoistukcuxwh/Build/Intermediates.noindex/Bridget.build/Release-iphonesimulator/Bridget.build/Objects-normal/arm64/Bridget-OutputFileMap.json -use-frontend-parseable-output -save-temps -no-color-diagnostics -serialize-diagnostics -emit-dependencies -emit-module -emit-module-path /Users/peterjemley/Library/Developer/Xcode/DerivedData/Bridget-avftoqyhbqkugxekjoistukcuxwh/Build/Intermediates.noindex/Bridget.build/Release-iphonesimulator/Bridget.build/Objects-normal/arm64/Bridget.swiftmodule -validate-clang-modules-once -clang-build-session-file /Users/peterjemley/Library/Developer/Xcode/DerivedData/ModuleCache.noindex/Session.modulevalidation -Xcc -I/Users/peterjemley/Library/Developer/Xcode/DerivedData/Bridget-avftoqyhbqkugxekjoistukcuxwh/Build/Intermediates.noindex/Bridget.build/Release-iphonesimulator/Bridget.build/swift-overrides.hmap -emit-const-values -Xfrontend -const-gather-protocols-file -Xfrontend /Users/peterjemley/Library/Developer/Xcode/DerivedData/Bridget-avftoqyhbqkugxekjoistukcuxwh/Build/Intermediates.noindex/Bridget.build/Release-iphonesimulator/Bridget.build/Objects-normal/arm64/Bridget_const_extract_protocols.json -Xcc -iquote -Xcc /Users/peterjemley/Library/Developer/Xcode/DerivedData/Bridget-avftoqyhbqkugxekjoistukcuxwh/Build/Intermediates.noindex/Bridget.build/Release-iphonesimulator/Bridget.build/Bridget-generated-files.hmap -Xcc -I/Users/peterjemley/Library/Developer/Xcode/DerivedData/Bridget-avftoqyhbqkugxekjoistukcuxwh/Build/Intermediates.noindex/Bridget.build/Release-iphonesimulator/Bridget.build/Bridget-own-target-headers.hmap -Xcc -I/Users/peterjemley/Library/Developer/Xcode/DerivedData/Bridget-avftoqyhbqkugxekjoistukcuxwh/Build/Intermediates.noindex/Bridget.build/Release-iphonesimulator/Bridget.build/Bridget-all-non-framework-target-headers.hmap -Xcc -ivfsoverlay -Xcc /Users/peterjemley/Library/Developer/Xcode/DerivedData/Bridget-avftoqyhbqkugxekjoistukcuxwh/Build/Intermediates.noindex/Bridget.build/Release-iphonesimulator/Bridget-8db4b7ce324d0ccb8b542e85f60fec93-VFS-iphonesimulator/all-product-headers.yaml -Xcc -iquote -Xcc /Users/peterjemley/Library/Developer/Xcode/DerivedData/Bridget-avftoqyhbqkugxekjoistukcuxwh/Build/Intermediates.noindex/Bridget.build/Release-iphonesimulator/Bridget.build/Bridget-project-headers.hmap -Xcc -I/Users/peterjemley/Library/Developer/Xcode/DerivedData/Bridget-avftoqyhbqkugxekjoistukcuxwh/Build/Products/Release-iphonesimulator/include -Xcc -I/Users/peterjemley/Library/Developer/Xcode/DerivedData/Bridget-avftoqyhbqkugxekjoistukcuxwh/Build/Intermediates.noindex/Bridget.build/Release-iphonesimulator/Bridget.build/DerivedSources-normal/arm64 -Xcc -I/Users/peterjemley/Library/Developer/Xcode/DerivedData/Bridget-avftoqyhbqkugxekjoistukcuxwh/Build/Intermediates.noindex/Bridget.build/Release-iphonesimulator/Bridget.build/DerivedSources/arm64 -Xcc -I/Users/peterjemley/Library/Developer/Xcode/DerivedData/Bridget-avftoqyhbqkugxekjoistukcuxwh/Build/Intermediates.noindex/Bridget.build/Release-iphonesimulator/Bridget.build/DerivedSources -emit-objc-header -emit-objc-header-path /Users/peterjemley/Library/Developer/Xcode/DerivedData/Bridget-avftoqyhbqkugxekjoistukcuxwh/Build/Intermediates.noindex/Bridget.build/Release-iphonesimulator/Bridget.build/Objects-normal/arm64/Bridget-Swift.h -working-directory /Users/peterjemley/Documents/Developer/Bridget -no-emit-module-separately-wmo

ProcessInfoPlistFile /Users/peterjemley/Library/Developer/Xcode/DerivedData/Bridget-avftoqyhbqkugxekjoistukcuxwh/Build/Products/Release-iphonesimulator/Bridget.app/Info.plist /Users/peterjemley/Library/Developer/Xcode/DerivedData/Bridget-avftoqyhbqkugxekjoistukcuxwh/Build/Intermediates.noindex/Bridget.build/Release-iphonesimulator/Bridget.build/empty-Bridget.plist (in target 'Bridget' from project 'Bridget')
    cd /Users/peterjemley/Documents/Developer/Bridget
    builtin-infoPlistUtility /Users/peterjemley/Library/Developer/Xcode/DerivedData/Bridget-avftoqyhbqkugxekjoistukcuxwh/Build/Intermediates.noindex/Bridget.build/Release-iphonesimulator/Bridget.build/empty-Bridget.plist -producttype com.apple.product-type.application -genpkginfo /Users/peterjemley/Library/Developer/Xcode/DerivedData/Bridget-avftoqyhbqkugxekjoistukcuxwh/Build/Products/Release-iphonesimulator/Bridget.app/PkgInfo -expandbuildsettings -format binary -platform iphonesimulator -additionalcontentfile /Users/peterjemley/Library/Developer/Xcode/DerivedData/Bridget-avftoqyhbqkugxekjoistukcuxwh/Build/Intermediates.noindex/Bridget.build/Release-iphonesimulator/Bridget.build/assetcatalog_generated_info.plist -o /Users/peterjemley/Library/Developer/Xcode/DerivedData/Bridget-avftoqyhbqkugxekjoistukcuxwh/Build/Products/Release-iphonesimulator/Bridget.app/Info.plist

SwiftCompile normal arm64 Compiling\ BridgetApp.swift,\ APIDTOs.swift,\ ContentView.swift,\ EventsListView.swift,\ Item.swift,\ OpenSeattleAPIService.swift,\ RoutesView.swift,\ SettingsView.swift,\ SharedModelSchema.swift,\ TrafficFlowView.swift,\ BridgesListView.swift,\ GeneratedAssetSymbols.swift /Users/peterjemley/Documents/Developer/Bridget/Bridget/BridgetApp.swift /Users/peterjemley/Documents/Developer/Bridget/Bridget/APIDTOs.swift /Users/peterjemley/Documents/Developer/Bridget/Bridget/ContentView.swift /Users/peterjemley/Documents/Developer/Bridget/Bridget/EventsListView.swift /Users/peterjemley/Documents/Developer/Bridget/Bridget/Item.swift /Users/peterjemley/Documents/Developer/Bridget/Bridget/OpenSeattleAPIService.swift /Users/peterjemley/Documents/Developer/Bridget/Bridget/RoutesView.swift /Users/peterjemley/Documents/Developer/Bridget/Bridget/SettingsView.swift /Users/peterjemley/Documents/Developer/Bridget/Bridget/SharedModelSchema.swift /Users/peterjemley/Documents/Developer/Bridget/Bridget/TrafficFlowView.swift /Users/peterjemley/Documents/Developer/Bridget/Bridget/BridgesListView.swift /Users/peterjemley/Library/Developer/Xcode/DerivedData/Bridget-avftoqyhbqkugxekjoistukcuxwh/Build/Intermediates.noindex/Bridget.build/Release-iphonesimulator/Bridget.build/DerivedSources/GeneratedAssetSymbols.swift (in target 'Bridget' from project 'Bridget')

CompileSwift normal arm64 (in target 'Bridget' from project 'Bridget')
    cd /Users/peterjemley/Documents/Developer/Bridget
    

SwiftDriver\ Compilation Bridget normal arm64 com.apple.xcode.tools.swift.compiler (in target 'Bridget' from project 'Bridget')
    cd /Users/peterjemley/Documents/Developer/Bridget
    builtin-Swift-Compilation -- /Applications/Xcode.app/Contents/Developer/Toolchains/XcodeDefault.xctoolchain/usr/bin/swiftc -module-name Bridget -O -whole-module-optimization -enforce-exclusivity\=checked @/Users/peterjemley/Library/Developer/Xcode/DerivedData/Bridget-avftoqyhbqkugxekjoistukcuxwh/Build/Intermediates.noindex/Bridget.build/Release-iphonesimulator/Bridget.build/Objects-normal/arm64/Bridget.SwiftFileList -enable-bare-slash-regex -enable-experimental-feature DebugDescriptionMacro -sdk /Applications/Xcode.app/Contents/Developer/Platforms/iPhoneSimulator.platform/Developer/SDKs/iPhoneSimulator18.5.sdk -target arm64-apple-ios18.5-simulator -g -module-cache-path /Users/peterjemley/Library/Developer/Xcode/DerivedData/ModuleCache.noindex -Xfrontend -serialize-debugging-options -profile-coverage-mapping -profile-generate -swift-version 5 -I /Users/peterjemley/Library/Developer/Xcode/DerivedData/Bridget-avftoqyhbqkugxekjoistukcuxwh/Build/Products/Release-iphonesimulator -F /Users/peterjemley/Library/Developer/Xcode/DerivedData/Bridget-avftoqyhbqkugxekjoistukcuxwh/Build/Products/Release-iphonesimulator/PackageFrameworks -F /Users/peterjemley/Library/Developer/Xcode/DerivedData/Bridget-avftoqyhbqkugxekjoistukcuxwh/Build/Products/Release-iphonesimulator/PackageFrameworks -F /Users/peterjemley/Library/Developer/Xcode/DerivedData/Bridget-avftoqyhbqkugxekjoistukcuxwh/Build/Products/Release-iphonesimulator/PackageFrameworks -F /Users/peterjemley/Library/Developer/Xcode/DerivedData/Bridget-avftoqyhbqkugxekjoistukcuxwh/Build/Products/Release-iphonesimulator/PackageFrameworks -F /Users/peterjemley/Library/Developer/Xcode/DerivedData/Bridget-avftoqyhbqkugxekjoistukcuxwh/Build/Products/Release-iphonesimulator/PackageFrameworks -F /Users/peterjemley/Library/Developer/Xcode/DerivedData/Bridget-avftoqyhbqkugxekjoistukcuxwh/Build/Products/Release-iphonesimulator/PackageFrameworks -F /Users/peterjemley/Library/Developer/Xcode/DerivedData/Bridget-avftoqyhbqkugxekjoistukcuxwh/Build/Products/Release-iphonesimulator/PackageFrameworks -F /Users/peterjemley/Library/Developer/Xcode/DerivedData/Bridget-avftoqyhbqkugxekjoistukcuxwh/Build/Products/Release-iphonesimulator/PackageFrameworks -F /Users/peterjemley/Library/Developer/Xcode/DerivedData/Bridget-avftoqyhbqkugxekjoistukcuxwh/Build/Products/Release-iphonesimulator/PackageFrameworks -F /Users/peterjemley/Library/Developer/Xcode/DerivedData/Bridget-avftoqyhbqkugxekjoistukcuxwh/Build/Products/Release-iphonesimulator/PackageFrameworks -F /Users/peterjemley/Library/Developer/Xcode/DerivedData/Bridget-avftoqyhbqkugxekjoistukcuxwh/Build/Products/Release-iphonesimulator -emit-localized-strings -emit-localized-strings-path /Users/peterjemley/Library/Developer/Xcode/DerivedData/Bridget-avftoqyhbqkugxekjoistukcuxwh/Build/Intermediates.noindex/Bridget.build/Release-iphonesimulator/Bridget.build/Objects-normal/arm64 -c -num-threads 16 -Xcc -ivfsstatcache -Xcc /Users/peterjemley/Library/Developer/Xcode/DerivedData/SDKStatCaches.noindex/iphonesimulator18.5-22F76-d5fc8ad4295d2ef488fb7d0f804ce0c4.sdkstatcache -output-file-map /Users/peterjemley/Library/Developer/Xcode/DerivedData/Bridget-avftoqyhbqkugxekjoistukcuxwh/Build/Intermediates.noindex/Bridget.build/Release-iphonesimulator/Bridget.build/Objects-normal/arm64/Bridget-OutputFileMap.json -use-frontend-parseable-output -save-temps -no-color-diagnostics -serialize-diagnostics -emit-dependencies -emit-module -emit-module-path /Users/peterjemley/Library/Developer/Xcode/DerivedData/Bridget-avftoqyhbqkugxekjoistukcuxwh/Build/Intermediates.noindex/Bridget.build/Release-iphonesimulator/Bridget.build/Objects-normal/arm64/Bridget.swiftmodule -validate-clang-modules-once -clang-build-session-file /Users/peterjemley/Library/Developer/Xcode/DerivedData/ModuleCache.noindex/Session.modulevalidation -Xcc -I/Users/peterjemley/Library/Developer/Xcode/DerivedData/Bridget-avftoqyhbqkugxekjoistukcuxwh/Build/Intermediates.noindex/Bridget.build/Release-iphonesimulator/Bridget.build/swift-overrides.hmap -emit-const-values -Xfrontend -const-gather-protocols-file -Xfrontend /Users/peterjemley/Library/Developer/Xcode/DerivedData/Bridget-avftoqyhbqkugxekjoistukcuxwh/Build/Intermediates.noindex/Bridget.build/Release-iphonesimulator/Bridget.build/Objects-normal/arm64/Bridget_const_extract_protocols.json -Xcc -iquote -Xcc /Users/peterjemley/Library/Developer/Xcode/DerivedData/Bridget-avftoqyhbqkugxekjoistukcuxwh/Build/Intermediates.noindex/Bridget.build/Release-iphonesimulator/Bridget.build/Bridget-generated-files.hmap -Xcc -I/Users/peterjemley/Library/Developer/Xcode/DerivedData/Bridget-avftoqyhbqkugxekjoistukcuxwh/Build/Intermediates.noindex/Bridget.build/Release-iphonesimulator/Bridget.build/Bridget-own-target-headers.hmap -Xcc -I/Users/peterjemley/Library/Developer/Xcode/DerivedData/Bridget-avftoqyhbqkugxekjoistukcuxwh/Build/Intermediates.noindex/Bridget.build/Release-iphonesimulator/Bridget.build/Bridget-all-non-framework-target-headers.hmap -Xcc -ivfsoverlay -Xcc /Users/peterjemley/Library/Developer/Xcode/DerivedData/Bridget-avftoqyhbqkugxekjoistukcuxwh/Build/Intermediates.noindex/Bridget.build/Release-iphonesimulator/Bridget-8db4b7ce324d0ccb8b542e85f60fec93-VFS-iphonesimulator/all-product-headers.yaml -Xcc -iquote -Xcc /Users/peterjemley/Library/Developer/Xcode/DerivedData/Bridget-avftoqyhbqkugxekjoistukcuxwh/Build/Intermediates.noindex/Bridget.build/Release-iphonesimulator/Bridget.build/Bridget-project-headers.hmap -Xcc -I/Users/peterjemley/Library/Developer/Xcode/DerivedData/Bridget-avftoqyhbqkugxekjoistukcuxwh/Build/Products/Release-iphonesimulator/include -Xcc -I/Users/peterjemley/Library/Developer/Xcode/DerivedData/Bridget-avftoqyhbqkugxekjoistukcuxwh/Build/Intermediates.noindex/Bridget.build/Release-iphonesimulator/Bridget.build/DerivedSources-normal/arm64 -Xcc -I/Users/peterjemley/Library/Developer/Xcode/DerivedData/Bridget-avftoqyhbqkugxekjoistukcuxwh/Build/Intermediates.noindex/Bridget.build/Release-iphonesimulator/Bridget.build/DerivedSources/arm64 -Xcc -I/Users/peterjemley/Library/Developer/Xcode/DerivedData/Bridget-avftoqyhbqkugxekjoistukcuxwh/Build/Intermediates.noindex/Bridget.build/Release-iphonesimulator/Bridget.build/DerivedSources -emit-objc-header -emit-objc-header-path /Users/peterjemley/Library/Developer/Xcode/DerivedData/Bridget-avftoqyhbqkugxekjoistukcuxwh/Build/Intermediates.noindex/Bridget.build/Release-iphonesimulator/Bridget.build/Objects-normal/arm64/Bridget-Swift.h -working-directory /Users/peterjemley/Documents/Developer/Bridget -no-emit-module-separately-wmo

SwiftDriverJobDiscovery normal arm64 Compiling BridgetApp.swift, APIDTOs.swift, ContentView.swift, EventsListView.swift, Item.swift, OpenSeattleAPIService.swift, RoutesView.swift, SettingsView.swift, SharedModelSchema.swift, TrafficFlowView.swift, BridgesListView.swift, GeneratedAssetSymbols.swift (in target 'Bridget' from project 'Bridget')

SwiftDriver\ Compilation\ Requirements Bridget normal arm64 com.apple.xcode.tools.swift.compiler (in target 'Bridget' from project 'Bridget')
    cd /Users/peterjemley/Documents/Developer/Bridget
    builtin-Swift-Compilation-Requirements -- /Applications/Xcode.app/Contents/Developer/Toolchains/XcodeDefault.xctoolchain/usr/bin/swiftc -module-name Bridget -O -whole-module-optimization -enforce-exclusivity\=checked @/Users/peterjemley/Library/Developer/Xcode/DerivedData/Bridget-avftoqyhbqkugxekjoistukcuxwh/Build/Intermediates.noindex/Bridget.build/Release-iphonesimulator/Bridget.build/Objects-normal/arm64/Bridget.SwiftFileList -enable-bare-slash-regex -enable-experimental-feature DebugDescriptionMacro -sdk /Applications/Xcode.app/Contents/Developer/Platforms/iPhoneSimulator.platform/Developer/SDKs/iPhoneSimulator18.5.sdk -target arm64-apple-ios18.5-simulator -g -module-cache-path /Users/peterjemley/Library/Developer/Xcode/DerivedData/ModuleCache.noindex -Xfrontend -serialize-debugging-options -profile-coverage-mapping -profile-generate -swift-version 5 -I /Users/peterjemley/Library/Developer/Xcode/DerivedData/Bridget-avftoqyhbqkugxekjoistukcuxwh/Build/Products/Release-iphonesimulator -F /Users/peterjemley/Library/Developer/Xcode/DerivedData/Bridget-avftoqyhbqkugxekjoistukcuxwh/Build/Products/Release-iphonesimulator/PackageFrameworks -F /Users/peterjemley/Library/Developer/Xcode/DerivedData/Bridget-avftoqyhbqkugxekjoistukcuxwh/Build/Products/Release-iphonesimulator/PackageFrameworks -F /Users/peterjemley/Library/Developer/Xcode/DerivedData/Bridget-avftoqyhbqkugxekjoistukcuxwh/Build/Products/Release-iphonesimulator/PackageFrameworks -F /Users/peterjemley/Library/Developer/Xcode/DerivedData/Bridget-avftoqyhbqkugxekjoistukcuxwh/Build/Products/Release-iphonesimulator/PackageFrameworks -F /Users/peterjemley/Library/Developer/Xcode/DerivedData/Bridget-avftoqyhbqkugxekjoistukcuxwh/Build/Products/Release-iphonesimulator/PackageFrameworks -F /Users/peterjemley/Library/Developer/Xcode/DerivedData/Bridget-avftoqyhbqkugxekjoistukcuxwh/Build/Products/Release-iphonesimulator/PackageFrameworks -F /Users/peterjemley/Library/Developer/Xcode/DerivedData/Bridget-avftoqyhbqkugxekjoistukcuxwh/Build/Products/Release-iphonesimulator/PackageFrameworks -F /Users/peterjemley/Library/Developer/Xcode/DerivedData/Bridget-avftoqyhbqkugxekjoistukcuxwh/Build/Products/Release-iphonesimulator/PackageFrameworks -F /Users/peterjemley/Library/Developer/Xcode/DerivedData/Bridget-avftoqyhbqkugxekjoistukcuxwh/Build/Products/Release-iphonesimulator/PackageFrameworks -F /Users/peterjemley/Library/Developer/Xcode/DerivedData/Bridget-avftoqyhbqkugxekjoistukcuxwh/Build/Products/Release-iphonesimulator/PackageFrameworks -F /Users/peterjemley/Library/Developer/Xcode/DerivedData/Bridget-avftoqyhbqkugxekjoistukcuxwh/Build/Products/Release-iphonesimulator -emit-localized-strings -emit-localized-strings-path /Users/peterjemley/Library/Developer/Xcode/DerivedData/Bridget-avftoqyhbqkugxekjoistukcuxwh/Build/Intermediates.noindex/Bridget.build/Release-iphonesimulator/Bridget.build/Objects-normal/arm64 -c -num-threads 16 -Xcc -ivfsstatcache -Xcc /Users/peterjemley/Library/Developer/Xcode/DerivedData/SDKStatCaches.noindex/iphonesimulator18.5-22F76-d5fc8ad4295d2ef488fb7d0f804ce0c4.sdkstatcache -output-file-map /Users/peterjemley/Library/Developer/Xcode/DerivedData/Bridget-avftoqyhbqkugxekjoistukcuxwh/Build/Intermediates.noindex/Bridget.build/Release-iphonesimulator/Bridget.build/Objects-normal/arm64/Bridget-OutputFileMap.json -use-frontend-parseable-output -save-temps -no-color-diagnostics -serialize-diagnostics -emit-dependencies -emit-module -emit-module-path /Users/peterjemley/Library/Developer/Xcode/DerivedData/Bridget-avftoqyhbqkugxekjoistukcuxwh/Build/Intermediates.noindex/Bridget.build/Release-iphonesimulator/Bridget.build/Objects-normal/arm64/Bridget.swiftmodule -validate-clang-modules-once -clang-build-session-file /Users/peterjemley/Library/Developer/Xcode/DerivedData/ModuleCache.noindex/Session.modulevalidation -Xcc -I/Users/peterjemley/Library/Developer/Xcode/DerivedData/Bridget-avftoqyhbqkugxekjoistukcuxwh/Build/Intermediates.noindex/Bridget.build/Release-iphonesimulator/Bridget.build/swift-overrides.hmap -emit-const-values -Xfrontend -const-gather-protocols-file -Xfrontend /Users/peterjemley/Library/Developer/Xcode/DerivedData/Bridget-avftoqyhbqkugxekjoistukcuxwh/Build/Intermediates.noindex/Bridget.build/Release-iphonesimulator/Bridget.build/Objects-normal/arm64/Bridget_const_extract_protocols.json -Xcc -iquote -Xcc /Users/peterjemley/Library/Developer/Xcode/DerivedData/Bridget-avftoqyhbqkugxekjoistukcuxwh/Build/Intermediates.noindex/Bridget.build/Release-iphonesimulator/Bridget.build/Bridget-generated-files.hmap -Xcc -I/Users/peterjemley/Library/Developer/Xcode/DerivedData/Bridget-avftoqyhbqkugxekjoistukcuxwh/Build/Intermediates.noindex/Bridget.build/Release-iphonesimulator/Bridget.build/Bridget-own-target-headers.hmap -Xcc -I/Users/peterjemley/Library/Developer/Xcode/DerivedData/Bridget-avftoqyhbqkugxekjoistukcuxwh/Build/Intermediates.noindex/Bridget.build/Release-iphonesimulator/Bridget.build/Bridget-all-non-framework-target-headers.hmap -Xcc -ivfsoverlay -Xcc /Users/peterjemley/Library/Developer/Xcode/DerivedData/Bridget-avftoqyhbqkugxekjoistukcuxwh/Build/Intermediates.noindex/Bridget.build/Release-iphonesimulator/Bridget-8db4b7ce324d0ccb8b542e85f60fec93-VFS-iphonesimulator/all-product-headers.yaml -Xcc -iquote -Xcc /Users/peterjemley/Library/Developer/Xcode/DerivedData/Bridget-avftoqyhbqkugxekjoistukcuxwh/Build/Intermediates.noindex/Bridget.build/Release-iphonesimulator/Bridget.build/Bridget-project-headers.hmap -Xcc -I/Users/peterjemley/Library/Developer/Xcode/DerivedData/Bridget-avftoqyhbqkugxekjoistukcuxwh/Build/Products/Release-iphonesimulator/include -Xcc -I/Users/peterjemley/Library/Developer/Xcode/DerivedData/Bridget-avftoqyhbqkugxekjoistukcuxwh/Build/Intermediates.noindex/Bridget.build/Release-iphonesimulator/Bridget.build/DerivedSources-normal/arm64 -Xcc -I/Users/peterjemley/Library/Developer/Xcode/DerivedData/Bridget-avftoqyhbqkugxekjoistukcuxwh/Build/Intermediates.noindex/Bridget.build/Release-iphonesimulator/Bridget.build/DerivedSources/arm64 -Xcc -I/Users/peterjemley/Library/Developer/Xcode/DerivedData/Bridget-avftoqyhbqkugxekjoistukcuxwh/Build/Intermediates.noindex/Bridget.build/Release-iphonesimulator/Bridget.build/DerivedSources -emit-objc-header -emit-objc-header-path /Users/peterjemley/Library/Developer/Xcode/DerivedData/Bridget-avftoqyhbqkugxekjoistukcuxwh/Build/Intermediates.noindex/Bridget.build/Release-iphonesimulator/Bridget.build/Objects-normal/arm64/Bridget-Swift.h -working-directory /Users/peterjemley/Documents/Developer/Bridget -no-emit-module-separately-wmo

SwiftMergeGeneratedHeaders /Users/peterjemley/Library/Developer/Xcode/DerivedData/Bridget-avftoqyhbqkugxekjoistukcuxwh/Build/Intermediates.noindex/Bridget.build/Release-iphonesimulator/Bridget.build/DerivedSources/Bridget-Swift.h /Users/peterjemley/Library/Developer/Xcode/DerivedData/Bridget-avftoqyhbqkugxekjoistukcuxwh/Build/Intermediates.noindex/Bridget.build/Release-iphonesimulator/Bridget.build/Objects-normal/arm64/Bridget-Swift.h (in target 'Bridget' from project 'Bridget')
    cd /Users/peterjemley/Documents/Developer/Bridget
    builtin-swiftHeaderTool -arch arm64 /Users/peterjemley/Library/Developer/Xcode/DerivedData/Bridget-avftoqyhbqkugxekjoistukcuxwh/Build/Intermediates.noindex/Bridget.build/Release-iphonesimulator/Bridget.build/Objects-normal/arm64/Bridget-Swift.h -o /Users/peterjemley/Library/Developer/Xcode/DerivedData/Bridget-avftoqyhbqkugxekjoistukcuxwh/Build/Intermediates.noindex/Bridget.build/Release-iphonesimulator/Bridget.build/DerivedSources/Bridget-Swift.h

Copy /Users/peterjemley/Library/Developer/Xcode/DerivedData/Bridget-avftoqyhbqkugxekjoistukcuxwh/Build/Products/Release-iphonesimulator/Bridget.swiftmodule/arm64-apple-ios-simulator.swiftdoc /Users/peterjemley/Library/Developer/Xcode/DerivedData/Bridget-avftoqyhbqkugxekjoistukcuxwh/Build/Intermediates.noindex/Bridget.build/Release-iphonesimulator/Bridget.build/Objects-normal/arm64/Bridget.swiftdoc (in target 'Bridget' from project 'Bridget')
    cd /Users/peterjemley/Documents/Developer/Bridget
    builtin-copy -exclude .DS_Store -exclude CVS -exclude .svn -exclude .git -exclude .hg -resolve-src-symlinks -rename /Users/peterjemley/Library/Developer/Xcode/DerivedData/Bridget-avftoqyhbqkugxekjoistukcuxwh/Build/Intermediates.noindex/Bridget.build/Release-iphonesimulator/Bridget.build/Objects-normal/arm64/Bridget.swiftdoc /Users/peterjemley/Library/Developer/Xcode/DerivedData/Bridget-avftoqyhbqkugxekjoistukcuxwh/Build/Products/Release-iphonesimulator/Bridget.swiftmodule/arm64-apple-ios-simulator.swiftdoc

Copy /Users/peterjemley/Library/Developer/Xcode/DerivedData/Bridget-avftoqyhbqkugxekjoistukcuxwh/Build/Products/Release-iphonesimulator/Bridget.swiftmodule/arm64-apple-ios-simulator.abi.json /Users/peterjemley/Library/Developer/Xcode/DerivedData/Bridget-avftoqyhbqkugxekjoistukcuxwh/Build/Intermediates.noindex/Bridget.build/Release-iphonesimulator/Bridget.build/Objects-normal/arm64/Bridget.abi.json (in target 'Bridget' from project 'Bridget')
    cd /Users/peterjemley/Documents/Developer/Bridget
    builtin-copy -exclude .DS_Store -exclude CVS -exclude .svn -exclude .git -exclude .hg -resolve-src-symlinks -rename /Users/peterjemley/Library/Developer/Xcode/DerivedData/Bridget-avftoqyhbqkugxekjoistukcuxwh/Build/Intermediates.noindex/Bridget.build/Release-iphonesimulator/Bridget.build/Objects-normal/arm64/Bridget.abi.json /Users/peterjemley/Library/Developer/Xcode/DerivedData/Bridget-avftoqyhbqkugxekjoistukcuxwh/Build/Products/Release-iphonesimulator/Bridget.swiftmodule/arm64-apple-ios-simulator.abi.json

Copy /Users/peterjemley/Library/Developer/Xcode/DerivedData/Bridget-avftoqyhbqkugxekjoistukcuxwh/Build/Products/Release-iphonesimulator/Bridget.swiftmodule/arm64-apple-ios-simulator.swiftmodule /Users/peterjemley/Library/Developer/Xcode/DerivedData/Bridget-avftoqyhbqkugxekjoistukcuxwh/Build/Intermediates.noindex/Bridget.build/Release-iphonesimulator/Bridget.build/Objects-normal/arm64/Bridget.swiftmodule (in target 'Bridget' from project 'Bridget')
    cd /Users/peterjemley/Documents/Developer/Bridget
    builtin-copy -exclude .DS_Store -exclude CVS -exclude .svn -exclude .git -exclude .hg -resolve-src-symlinks -rename /Users/peterjemley/Library/Developer/Xcode/DerivedData/Bridget-avftoqyhbqkugxekjoistukcuxwh/Build/Intermediates.noindex/Bridget.build/Release-iphonesimulator/Bridget.build/Objects-normal/arm64/Bridget.swiftmodule /Users/peterjemley/Library/Developer/Xcode/DerivedData/Bridget-avftoqyhbqkugxekjoistukcuxwh/Build/Products/Release-iphonesimulator/Bridget.swiftmodule/arm64-apple-ios-simulator.swiftmodule

Copy /Users/peterjemley/Library/Developer/Xcode/DerivedData/Bridget-avftoqyhbqkugxekjoistukcuxwh/Build/Products/Release-iphonesimulator/Bridget.swiftmodule/Project/arm64-apple-ios-simulator.swiftsourceinfo /Users/peterjemley/Library/Developer/Xcode/DerivedData/Bridget-avftoqyhbqkugxekjoistukcuxwh/Build/Intermediates.noindex/Bridget.build/Release-iphonesimulator/Bridget.build/Objects-normal/arm64/Bridget.swiftsourceinfo (in target 'Bridget' from project 'Bridget')
    cd /Users/peterjemley/Documents/Developer/Bridget
    builtin-copy -exclude .DS_Store -exclude CVS -exclude .svn -exclude .git -exclude .hg -resolve-src-symlinks -rename /Users/peterjemley/Library/Developer/Xcode/DerivedData/Bridget-avftoqyhbqkugxekjoistukcuxwh/Build/Intermediates.noindex/Bridget.build/Release-iphonesimulator/Bridget.build/Objects-normal/arm64/Bridget.swiftsourceinfo /Users/peterjemley/Library/Developer/Xcode/DerivedData/Bridget-avftoqyhbqkugxekjoistukcuxwh/Build/Products/Release-iphonesimulator/Bridget.swiftmodule/Project/arm64-apple-ios-simulator.swiftsourceinfo

Ld /Users/peterjemley/Library/Developer/Xcode/DerivedData/Bridget-avftoqyhbqkugxekjoistukcuxwh/Build/Products/Release-iphonesimulator/Bridget.app/Bridget normal (in target 'Bridget' from project 'Bridget')
    cd /Users/peterjemley/Documents/Developer/Bridget
    /Applications/Xcode.app/Contents/Developer/Toolchains/XcodeDefault.xctoolchain/usr/bin/clang -Xlinker -reproducible -target arm64-apple-ios18.5-simulator -isysroot /Applications/Xcode.app/Contents/Developer/Platforms/iPhoneSimulator.platform/Developer/SDKs/iPhoneSimulator18.5.sdk -Os -L/Users/peterjemley/Library/Developer/Xcode/DerivedData/Bridget-avftoqyhbqkugxekjoistukcuxwh/Build/Intermediates.noindex/EagerLinkingTBDs/Release-iphonesimulator -L/Users/peterjemley/Library/Developer/Xcode/DerivedData/Bridget-avftoqyhbqkugxekjoistukcuxwh/Build/Products/Release-iphonesimulator -F/Users/peterjemley/Library/Developer/Xcode/DerivedData/Bridget-avftoqyhbqkugxekjoistukcuxwh/Build/Intermediates.noindex/EagerLinkingTBDs/Release-iphonesimulator -F/Users/peterjemley/Library/Developer/Xcode/DerivedData/Bridget-avftoqyhbqkugxekjoistukcuxwh/Build/Products/Release-iphonesimulator/PackageFrameworks -F/Users/peterjemley/Library/Developer/Xcode/DerivedData/Bridget-avftoqyhbqkugxekjoistukcuxwh/Build/Products/Release-iphonesimulator/PackageFrameworks -F/Users/peterjemley/Library/Developer/Xcode/DerivedData/Bridget-avftoqyhbqkugxekjoistukcuxwh/Build/Products/Release-iphonesimulator/PackageFrameworks -F/Users/peterjemley/Library/Developer/Xcode/DerivedData/Bridget-avftoqyhbqkugxekjoistukcuxwh/Build/Products/Release-iphonesimulator/PackageFrameworks -F/Users/peterjemley/Library/Developer/Xcode/DerivedData/Bridget-avftoqyhbqkugxekjoistukcuxwh/Build/Products/Release-iphonesimulator/PackageFrameworks -F/Users/peterjemley/Library/Developer/Xcode/DerivedData/Bridget-avftoqyhbqkugxekjoistukcuxwh/Build/Products/Release-iphonesimulator/PackageFrameworks -F/Users/peterjemley/Library/Developer/Xcode/DerivedData/Bridget-avftoqyhbqkugxekjoistukcuxwh/Build/Products/Release-iphonesimulator/PackageFrameworks -F/Users/peterjemley/Library/Developer/Xcode/DerivedData/Bridget-avftoqyhbqkugxekjoistukcuxwh/Build/Products/Release-iphonesimulator/PackageFrameworks -F/Users/peterjemley/Library/Developer/Xcode/DerivedData/Bridget-avftoqyhbqkugxekjoistukcuxwh/Build/Products/Release-iphonesimulator/PackageFrameworks -F/Users/peterjemley/Library/Developer/Xcode/DerivedData/Bridget-avftoqyhbqkugxekjoistukcuxwh/Build/Products/Release-iphonesimulator/PackageFrameworks -F/Users/peterjemley/Library/Developer/Xcode/DerivedData/Bridget-avftoqyhbqkugxekjoistukcuxwh/Build/Products/Release-iphonesimulator -filelist /Users/peterjemley/Library/Developer/Xcode/DerivedData/Bridget-avftoqyhbqkugxekjoistukcuxwh/Build/Intermediates.noindex/Bridget.build/Release-iphonesimulator/Bridget.build/Objects-normal/arm64/Bridget.LinkFileList -Xlinker -rpath -Xlinker @executable_path/Frameworks -dead_strip -Xlinker -object_path_lto -Xlinker /Users/peterjemley/Library/Developer/Xcode/DerivedData/Bridget-avftoqyhbqkugxekjoistukcuxwh/Build/Intermediates.noindex/Bridget.build/Release-iphonesimulator/Bridget.build/Objects-normal/arm64/Bridget_lto.o -Xlinker -objc_abi_version -Xlinker 2 -Xlinker -debug_variant -Xlinker -dependency_info -Xlinker /Users/peterjemley/Library/Developer/Xcode/DerivedData/Bridget-avftoqyhbqkugxekjoistukcuxwh/Build/Intermediates.noindex/Bridget.build/Release-iphonesimulator/Bridget.build/Objects-normal/arm64/Bridget_dependency_info.dat -fobjc-link-runtime -fprofile-instr-generate -L/Applications/Xcode.app/Contents/Developer/Toolchains/XcodeDefault.xctoolchain/usr/lib/swift/iphonesimulator -L/usr/lib/swift -Xlinker -add_ast_path -Xlinker /Users/peterjemley/Library/Developer/Xcode/DerivedData/Bridget-avftoqyhbqkugxekjoistukcuxwh/Build/Intermediates.noindex/Bridget.build/Release-iphonesimulator/Bridget.build/Objects-normal/arm64/Bridget.swiftmodule -Wl,-no_warn_duplicate_libraries -Wl,-no_warn_duplicate_libraries -Wl,-no_warn_duplicate_libraries -Wl,-no_warn_duplicate_libraries -Wl,-no_warn_duplicate_libraries -Wl,-no_warn_duplicate_libraries -Wl,-no_warn_duplicate_libraries -Wl,-no_warn_duplicate_libraries -Wl,-no_warn_duplicate_libraries -Wl,-no_warn_duplicate_libraries -Xlinker -sectcreate -Xlinker __TEXT -Xlinker __entitlements -Xlinker /Users/peterjemley/Library/Developer/Xcode/DerivedData/Bridget-avftoqyhbqkugxekjoistukcuxwh/Build/Intermediates.noindex/Bridget.build/Release-iphonesimulator/Bridget.build/Bridget.app-Simulated.xcent -Xlinker -sectcreate -Xlinker __TEXT -Xlinker __ents_der -Xlinker /Users/peterjemley/Library/Developer/Xcode/DerivedData/Bridget-avftoqyhbqkugxekjoistukcuxwh/Build/Intermediates.noindex/Bridget.build/Release-iphonesimulator/Bridget.build/Bridget.app-Simulated.xcent.der -Xlinker -no_adhoc_codesign -o /Users/peterjemley/Library/Developer/Xcode/DerivedData/Bridget-avftoqyhbqkugxekjoistukcuxwh/Build/Products/Release-iphonesimulator/Bridget.app/Bridget -Xlinker -add_ast_path -Xlinker /Users/peterjemley/Library/Developer/Xcode/DerivedData/Bridget-avftoqyhbqkugxekjoistukcuxwh/Build/Intermediates.noindex/BridgetNetworking.build/Release-iphonesimulator/BridgetNetworking.build/Objects-normal/arm64/BridgetNetworking.swiftmodule -Xlinker -add_ast_path -Xlinker /Users/peterjemley/Library/Developer/Xcode/DerivedData/Bridget-avftoqyhbqkugxekjoistukcuxwh/Build/Intermediates.noindex/BridgetCore.build/Release-iphonesimulator/BridgetCore.build/Objects-normal/arm64/BridgetCore.swiftmodule -Xlinker -add_ast_path -Xlinker /Users/peterjemley/Library/Developer/Xcode/DerivedData/Bridget-avftoqyhbqkugxekjoistukcuxwh/Build/Intermediates.noindex/BridgetSettings.build/Release-iphonesimulator/BridgetSettings.build/Objects-normal/arm64/BridgetSettings.swiftmodule -Xlinker -add_ast_path -Xlinker /Users/peterjemley/Library/Developer/Xcode/DerivedData/Bridget-avftoqyhbqkugxekjoistukcuxwh/Build/Intermediates.noindex/BridgetSharedUI.build/Release-iphonesimulator/BridgetSharedUI.build/Objects-normal/arm64/BridgetSharedUI.swiftmodule -Xlinker -add_ast_path -Xlinker /Users/peterjemley/Library/Developer/Xcode/DerivedData/Bridget-avftoqyhbqkugxekjoistukcuxwh/Build/Intermediates.noindex/BridgetHistory.build/Release-iphonesimulator/BridgetHistory.build/Objects-normal/arm64/BridgetHistory.swiftmodule -Xlinker -add_ast_path -Xlinker /Users/peterjemley/Library/Developer/Xcode/DerivedData/Bridget-avftoqyhbqkugxekjoistukcuxwh/Build/Intermediates.noindex/BridgetStatistics.build/Release-iphonesimulator/BridgetStatistics.build/Objects-normal/arm64/BridgetStatistics.swiftmodule -Xlinker -add_ast_path -Xlinker /Users/peterjemley/Library/Developer/Xcode/DerivedData/Bridget-avftoqyhbqkugxekjoistukcuxwh/Build/Intermediates.noindex/BridgetRouting.build/Release-iphonesimulator/BridgetRouting.build/Objects-normal/arm64/BridgetRouting.swiftmodule -Xlinker -add_ast_path -Xlinker /Users/peterjemley/Library/Developer/Xcode/DerivedData/Bridget-avftoqyhbqkugxekjoistukcuxwh/Build/Intermediates.noindex/BridgetBridgeDetail.build/Release-iphonesimulator/BridgetBridgeDetail.build/Objects-normal/arm64/BridgetBridgeDetail.swiftmodule -Xlinker -add_ast_path -Xlinker /Users/peterjemley/Library/Developer/Xcode/DerivedData/Bridget-avftoqyhbqkugxekjoistukcuxwh/Build/Intermediates.noindex/BridgetDashboard.build/Release-iphonesimulator/BridgetDashboard.build/Objects-normal/arm64/BridgetDashboard.swiftmodule -Xlinker -add_ast_path -Xlinker /Users/peterjemley/Library/Developer/Xcode/DerivedData/Bridget-avftoqyhbqkugxekjoistukcuxwh/Build/Intermediates.noindex/BridgetBridgesList.build/Release-iphonesimulator/BridgetBridgesList.build/Objects-normal/arm64/BridgetBridgesList.swiftmodule

CopySwiftLibs /Users/peterjemley/Library/Developer/Xcode/DerivedData/Bridget-avftoqyhbqkugxekjoistukcuxwh/Build/Products/Release-iphonesimulator/Bridget.app (in target 'Bridget' from project 'Bridget')
    cd /Users/peterjemley/Documents/Developer/Bridget
    builtin-swiftStdLibTool --copy --verbose --sign - --scan-executable /Users/peterjemley/Library/Developer/Xcode/DerivedData/Bridget-avftoqyhbqkugxekjoistukcuxwh/Build/Products/Release-iphonesimulator/Bridget.app/Bridget --scan-folder /Users/peterjemley/Library/Developer/Xcode/DerivedData/Bridget-avftoqyhbqkugxekjoistukcuxwh/Build/Products/Release-iphonesimulator/Bridget.app/Frameworks --scan-folder /Users/peterjemley/Library/Developer/Xcode/DerivedData/Bridget-avftoqyhbqkugxekjoistukcuxwh/Build/Products/Release-iphonesimulator/Bridget.app/PlugIns --scan-folder /Users/peterjemley/Library/Developer/Xcode/DerivedData/Bridget-avftoqyhbqkugxekjoistukcuxwh/Build/Products/Release-iphonesimulator/Bridget.app/SystemExtensions --scan-folder /Users/peterjemley/Library/Developer/Xcode/DerivedData/Bridget-avftoqyhbqkugxekjoistukcuxwh/Build/Products/Release-iphonesimulator/Bridget.app/Extensions --platform iphonesimulator --toolchain /Applications/Xcode.app/Contents/Developer/Toolchains/XcodeDefault.xctoolchain --destination /Users/peterjemley/Library/Developer/Xcode/DerivedData/Bridget-avftoqyhbqkugxekjoistukcuxwh/Build/Products/Release-iphonesimulator/Bridget.app/Frameworks --strip-bitcode --strip-bitcode-tool /Applications/Xcode.app/Contents/Developer/Toolchains/XcodeDefault.xctoolchain/usr/bin/bitcode_strip --emit-dependency-info /Users/peterjemley/Library/Developer/Xcode/DerivedData/Bridget-avftoqyhbqkugxekjoistukcuxwh/Build/Intermediates.noindex/Bridget.build/Release-iphonesimulator/Bridget.build/SwiftStdLibToolInputDependencies.dep --filter-for-swift-os

ExtractAppIntentsMetadata (in target 'Bridget' from project 'Bridget')
    cd /Users/peterjemley/Documents/Developer/Bridget
    /Applications/Xcode.app/Contents/Developer/Toolchains/XcodeDefault.xctoolchain/usr/bin/appintentsmetadataprocessor --toolchain-dir /Applications/Xcode.app/Contents/Developer/Toolchains/XcodeDefault.xctoolchain --module-name Bridget --sdk-root /Applications/Xcode.app/Contents/Developer/Platforms/iPhoneSimulator.platform/Developer/SDKs/iPhoneSimulator18.5.sdk --xcode-version 16F6 --platform-family iOS --deployment-target 18.5 --bundle-identifier com.peterjemley.Bridget --output /Users/peterjemley/Library/Developer/Xcode/DerivedData/Bridget-avftoqyhbqkugxekjoistukcuxwh/Build/Products/Release-iphonesimulator/Bridget.app --target-triple arm64-apple-ios18.5-simulator --binary-file /Users/peterjemley/Library/Developer/Xcode/DerivedData/Bridget-avftoqyhbqkugxekjoistukcuxwh/Build/Products/Release-iphonesimulator/Bridget.app/Bridget --dependency-file /Users/peterjemley/Library/Developer/Xcode/DerivedData/Bridget-avftoqyhbqkugxekjoistukcuxwh/Build/Intermediates.noindex/Bridget.build/Release-iphonesimulator/Bridget.build/Objects-normal/arm64/Bridget_dependency_info.dat --stringsdata-file /Users/peterjemley/Library/Developer/Xcode/DerivedData/Bridget-avftoqyhbqkugxekjoistukcuxwh/Build/Intermediates.noindex/Bridget.build/Release-iphonesimulator/Bridget.build/Objects-normal/arm64/ExtractedAppShortcutsMetadata.stringsdata --source-file-list /Users/peterjemley/Library/Developer/Xcode/DerivedData/Bridget-avftoqyhbqkugxekjoistukcuxwh/Build/Intermediates.noindex/Bridget.build/Release-iphonesimulator/Bridget.build/Objects-normal/arm64/Bridget.SwiftFileList --metadata-file-list /Users/peterjemley/Library/Developer/Xcode/DerivedData/Bridget-avftoqyhbqkugxekjoistukcuxwh/Build/Intermediates.noindex/Bridget.build/Release-iphonesimulator/Bridget.build/Bridget.DependencyMetadataFileList --static-metadata-file-list /Users/peterjemley/Library/Developer/Xcode/DerivedData/Bridget-avftoqyhbqkugxekjoistukcuxwh/Build/Intermediates.noindex/Bridget.build/Release-iphonesimulator/Bridget.build/Bridget.DependencyStaticMetadataFileList --swift-const-vals-list /Users/peterjemley/Library/Developer/Xcode/DerivedData/Bridget-avftoqyhbqkugxekjoistukcuxwh/Build/Intermediates.noindex/Bridget.build/Release-iphonesimulator/Bridget.build/Objects-normal/arm64/Bridget.SwiftConstValuesFileList --compile-time-extraction --deployment-aware-processing --validate-assistant-intents --no-app-shortcuts-localization
2025-07-15 21:25:59.179 appintentsmetadataprocessor[20035:313397] Starting appintentsmetadataprocessor export
2025-07-15 21:25:59.180 appintentsmetadataprocessor[20035:313397] warning: Metadata extraction skipped. No AppIntents.framework dependency found.

GenerateDSYMFile /Users/peterjemley/Library/Developer/Xcode/DerivedData/Bridget-avftoqyhbqkugxekjoistukcuxwh/Build/Products/Release-iphonesimulator/Bridget.app.dSYM /Users/peterjemley/Library/Developer/Xcode/DerivedData/Bridget-avftoqyhbqkugxekjoistukcuxwh/Build/Products/Release-iphonesimulator/Bridget.app/Bridget (in target 'Bridget' from project 'Bridget')
    cd /Users/peterjemley/Documents/Developer/Bridget
    /Applications/Xcode.app/Contents/Developer/Toolchains/XcodeDefault.xctoolchain/usr/bin/dsymutil /Users/peterjemley/Library/Developer/Xcode/DerivedData/Bridget-avftoqyhbqkugxekjoistukcuxwh/Build/Products/Release-iphonesimulator/Bridget.app/Bridget -o /Users/peterjemley/Library/Developer/Xcode/DerivedData/Bridget-avftoqyhbqkugxekjoistukcuxwh/Build/Products/Release-iphonesimulator/Bridget.app.dSYM

AppIntentsSSUTraining (in target 'Bridget' from project 'Bridget')
    cd /Users/peterjemley/Documents/Developer/Bridget
    /Applications/Xcode.app/Contents/Developer/Toolchains/XcodeDefault.xctoolchain/usr/bin/appintentsnltrainingprocessor --infoplist-path /Users/peterjemley/Library/Developer/Xcode/DerivedData/Bridget-avftoqyhbqkugxekjoistukcuxwh/Build/Products/Release-iphonesimulator/Bridget.app/Info.plist --temp-dir-path /Users/peterjemley/Library/Developer/Xcode/DerivedData/Bridget-avftoqyhbqkugxekjoistukcuxwh/Build/Intermediates.noindex/Bridget.build/Release-iphonesimulator/Bridget.build/ssu --bundle-id com.peterjemley.Bridget --product-path /Users/peterjemley/Library/Developer/Xcode/DerivedData/Bridget-avftoqyhbqkugxekjoistukcuxwh/Build/Products/Release-iphonesimulator/Bridget.app --extracted-metadata-path /Users/peterjemley/Library/Developer/Xcode/DerivedData/Bridget-avftoqyhbqkugxekjoistukcuxwh/Build/Products/Release-iphonesimulator/Bridget.app/Metadata.appintents --metadata-file-list /Users/peterjemley/Library/Developer/Xcode/DerivedData/Bridget-avftoqyhbqkugxekjoistukcuxwh/Build/Intermediates.noindex/Bridget.build/Release-iphonesimulator/Bridget.build/Bridget.DependencyMetadataFileList --archive-ssu-assets
2025-07-15 21:25:59.190 appintentsnltrainingprocessor[20037:313401] Parsing options for appintentsnltrainingprocessor
2025-07-15 21:25:59.191 appintentsnltrainingprocessor[20037:313401] No AppShortcuts found - Skipping.

CodeSign /Users/peterjemley/Library/Developer/Xcode/DerivedData/Bridget-avftoqyhbqkugxekjoistukcuxwh/Build/Products/Release-iphonesimulator/Bridget.app (in target 'Bridget' from project 'Bridget')
    cd /Users/peterjemley/Documents/Developer/Bridget
    
    Signing Identity:     "Sign to Run Locally"
    
    /usr/bin/codesign --force --sign - --timestamp\=none --generate-entitlement-der /Users/peterjemley/Library/Developer/Xcode/DerivedData/Bridget-avftoqyhbqkugxekjoistukcuxwh/Build/Products/Release-iphonesimulator/Bridget.app

RegisterExecutionPolicyException /Users/peterjemley/Library/Developer/Xcode/DerivedData/Bridget-avftoqyhbqkugxekjoistukcuxwh/Build/Products/Release-iphonesimulator/Bridget.app (in target 'Bridget' from project 'Bridget')
    cd /Users/peterjemley/Documents/Developer/Bridget
    builtin-RegisterExecutionPolicyException /Users/peterjemley/Library/Developer/Xcode/DerivedData/Bridget-avftoqyhbqkugxekjoistukcuxwh/Build/Products/Release-iphonesimulator/Bridget.app

Validate /Users/peterjemley/Library/Developer/Xcode/DerivedData/Bridget-avftoqyhbqkugxekjoistukcuxwh/Build/Products/Release-iphonesimulator/Bridget.app (in target 'Bridget' from project 'Bridget')
    cd /Users/peterjemley/Documents/Developer/Bridget
    builtin-validationUtility /Users/peterjemley/Library/Developer/Xcode/DerivedData/Bridget-avftoqyhbqkugxekjoistukcuxwh/Build/Products/Release-iphonesimulator/Bridget.app -validate-for-store -infoplist-subpath Info.plist

Touch /Users/peterjemley/Library/Developer/Xcode/DerivedData/Bridget-avftoqyhbqkugxekjoistukcuxwh/Build/Products/Release-iphonesimulator/Bridget.app (in target 'Bridget' from project 'Bridget')
    cd /Users/peterjemley/Documents/Developer/Bridget
    /usr/bin/touch -c /Users/peterjemley/Library/Developer/Xcode/DerivedData/Bridget-avftoqyhbqkugxekjoistukcuxwh/Build/Products/Release-iphonesimulator/Bridget.app

note: Disabling previews because SWIFT_VERSION is set and SWIFT_OPTIMIZATION_LEVEL=-Owholemodule, expected -Onone (in target 'BridgetHistory' from project 'BridgetHistory')
note: Disabling previews because SWIFT_VERSION is set and SWIFT_OPTIMIZATION_LEVEL=-Owholemodule, expected -Onone (in target 'BridgetCore' from project 'BridgetCore')
note: Disabling previews because SWIFT_VERSION is set and SWIFT_OPTIMIZATION_LEVEL=-Owholemodule, expected -Onone (in target 'BridgetRouting' from project 'BridgetRouting')
note: Disabling previews because SWIFT_VERSION is set and SWIFT_OPTIMIZATION_LEVEL=-Owholemodule, expected -Onone (in target 'BridgetBridgesList' from project 'BridgetBridgesList')
note: Disabling previews because SWIFT_VERSION is set and SWIFT_OPTIMIZATION_LEVEL=-Owholemodule, expected -Onone (in target 'BridgetSettings' from project 'BridgetSettings')
note: Disabling previews because SWIFT_VERSION is set and SWIFT_OPTIMIZATION_LEVEL=-Owholemodule, expected -Onone (in target 'BridgetStatistics' from project 'BridgetStatistics')
note: Disabling previews because SWIFT_VERSION is set and SWIFT_OPTIMIZATION_LEVEL=-Owholemodule, expected -Onone (in target 'BridgetDashboard' from project 'BridgetDashboard')
note: Disabling previews because SWIFT_VERSION is set and SWIFT_OPTIMIZATION_LEVEL=-Owholemodule, expected -Onone (in target 'BridgetSharedUI' from project 'BridgetSharedUI')
note: Disabling previews because SWIFT_VERSION is set and SWIFT_OPTIMIZATION_LEVEL=-Owholemodule, expected -Onone (in target 'BridgetNetworking' from project 'BridgetNetworking')
note: Disabling previews because SWIFT_VERSION is set and SWIFT_OPTIMIZATION_LEVEL=-Owholemodule, expected -Onone (in target 'BridgetBridgeDetail' from project 'BridgetBridgeDetail')
note: Disabling previews because SWIFT_VERSION is set and SWIFT_OPTIMIZATION_LEVEL=-O, expected -Onone (in target 'Bridget' from project 'Bridget')
** BUILD SUCCEEDED **

